TN:
SF:script/DeployVane.s.sol
DA:24,0
FN:24,DeployVane.run
FNDA:0,DeployVane.run
DA:25,0
DA:26,0
DA:27,0
DA:29,0
DA:31,0
DA:33,0
DA:34,0
DA:35,0
DA:37,0
DA:38,0
DA:39,0
DA:40,0
DA:41,0
DA:43,0
DA:44,0
DA:45,0
DA:47,0
BRDA:47,0,0,-
DA:48,0
DA:51,0
DA:52,0
BRDA:52,1,0,-
DA:53,0
DA:56,0
DA:57,0
FNF:1
FNH:0
LF:24
LH:0
BRF:2
BRH:0
end_of_record
TN:
SF:script/HookMiner.sol
DA:11,5
FN:11,HookMiner.find
FNDA:5,HookMiner.find
DA:16,5
DA:18,5
DA:19,19805
DA:21,19805
BRDA:21,0,0,5
DA:22,5
DA:25,0
DA:28,19805
FN:28,HookMiner.computeAddress
FNDA:19805,HookMiner.computeAddress
DA:29,19805
FNF:2
FNH:2
LF:9
LH:8
BRF:1
BRH:1
end_of_record
TN:
SF:script/InitializePool.s.sol
DA:18,0
FN:18,InitializePool.run
FNDA:0,InitializePool.run
DA:19,0
DA:20,0
DA:21,0
DA:22,0
DA:23,0
DA:24,0
DA:25,0
DA:26,0
DA:28,0
BRDA:28,0,0,-
DA:30,0
DA:38,0
DA:39,0
DA:40,0
DA:41,0
DA:43,0
DA:44,0
DA:45,0
FNF:1
FNH:0
LF:18
LH:0
BRF:1
BRH:0
end_of_record
TN:
SF:script/VaneParameters.sol
DA:10,6
FN:10,VaneParameters.config
FNDA:6,VaneParameters.config
DA:11,6
FNF:1
FNH:1
LF:2
LH:2
BRF:0
BRH:0
end_of_record
TN:
SF:src/VaneHook.sol
DA:74,7181
FN:74,VaneHook.onlyPoolManager
FNDA:7181,VaneHook.onlyPoolManager
DA:75,7181
BRDA:75,0,0,-
DA:79,52
FN:79,VaneHook.constructor
FNDA:52,VaneHook.constructor
DA:80,52
DA:81,52
BRDA:81,1,0,-
DA:83,52
DA:84,52
DA:86,52
DA:87,52
DA:88,52
DA:89,52
DA:90,52
DA:91,52
DA:92,52
DA:93,52
DA:94,52
DA:95,52
DA:96,52
DA:97,52
DA:98,52
DA:99,52
DA:100,52
DA:103,51
FN:103,VaneHook.allowPool
FNDA:51,VaneHook.allowPool
DA:104,51
BRDA:104,2,0,1
DA:105,50
DA:108,94
FN:108,VaneHook.fundReserve
FNDA:94,VaneHook.fundReserve
DA:109,94
DA:110,94
BRDA:110,3,0,-
DA:113,94
FN:113,VaneHook.unlockCallback
FNDA:94,VaneHook.unlockCallback
DA:114,94
BRDA:114,4,0,-
DA:116,94
DA:118,94
DA:119,94
DA:121,94
DA:124,1
FN:124,VaneHook.setReserveTarget
FNDA:1,VaneHook.setReserveTarget
DA:125,1
BRDA:125,5,0,-
DA:126,1
DA:129,19
FN:129,VaneHook.reserveOf
FNDA:19,VaneHook.reserveOf
DA:130,175
DA:133,3
FN:133,VaneHook.targetFor
FNDA:3,VaneHook.targetFor
DA:134,159
DA:135,159
DA:138,9
FN:138,VaneHook.beliefOf
FNDA:9,VaneHook.beliefOf
DA:139,9
DA:142,7
FN:142,VaneHook.kappaOf
FNDA:7,VaneHook.kappaOf
DA:143,7
DA:146,9
FN:146,VaneHook.poolState
FNDA:9,VaneHook.poolState
DA:147,9
DA:150,6
FN:150,VaneHook.poolStateAux
FNDA:6,VaneHook.poolStateAux
DA:151,6
DA:154,52
FN:154,VaneHook.beforeInitialize
FNDA:52,VaneHook.beforeInitialize
DA:161,52
BRDA:161,6,0,2
DA:162,50
DA:165,50
FN:165,VaneHook.afterInitialize
FNDA:50,VaneHook.afterInitialize
DA:171,50
DA:173,50
DA:174,50
DA:175,50
DA:176,50
DA:178,50
DA:179,50
DA:180,50
DA:181,50
DA:183,50
DA:186,7181
FN:186,VaneHook.beforeSwap
FNDA:7181,VaneHook.beforeSwap
DA:192,7181
DA:193,7181
DA:194,7181
BRDA:194,7,0,6860
DA:196,321
DA:198,321
DA:199,321
BRDA:199,8,0,156
DA:201,321
BRDA:201,9,0,-
DA:202,321
BRDA:202,10,0,-
DA:204,321
BRDA:204,11,0,160
DA:205,160
DA:208,161
DA:209,161
BRDA:209,12,0,-
DA:210,0
DA:213,161
DA:215,161
DA:218,7181
FN:218,VaneHook.afterSwap
FNDA:7181,VaneHook.afterSwap
DA:224,7181
DA:225,7181
DA:226,7181
DA:228,7181
DA:229,7181
DA:230,7181
DA:232,7181
BRDA:232,13,0,5293
DA:233,5293
DA:235,5293
DA:236,5293
DA:238,5293
DA:239,5293
DA:241,5293
DA:243,5293
DA:244,5293
DA:245,5293
DA:247,5293
DA:248,5293
BRDA:248,14,0,176
DA:249,176
DA:252,5293
DA:258,5293
DA:261,7181
DA:262,7181
DA:264,7181
DA:267,176
FN:267,VaneHook._stepHorizon
FNDA:176,VaneHook._stepHorizon
DA:271,176
DA:272,176
DA:274,176
DA:276,176
DA:277,176
DA:279,176
DA:280,176
DA:282,176
DA:284,176
DA:285,176
DA:287,176
BRDA:287,15,0,-
DA:288,0
DA:289,0
DA:292,176
DA:294,176
DA:309,176
DA:312,176
FN:312,VaneHook._applyDivergenceCheck
FNDA:176,VaneHook._applyDivergenceCheck
DA:313,176
DA:314,176
DA:315,176
BRDA:315,16,0,175
DA:317,1
DA:318,1
DA:319,1
BRDA:319,17,0,-
DA:321,1
DA:323,1
DA:326,156
FN:326,VaneHook._scaleForReserve
FNDA:156,VaneHook._scaleForReserve
DA:327,156
DA:328,156
DA:329,156
BRDA:329,18,0,154
DA:331,2
DA:332,2
DA:335,161
FN:335,VaneHook._computeOffset
FNDA:161,VaneHook._computeOffset
DA:336,161
DA:337,161
DA:339,161
DA:340,161
BRDA:340,19,0,-
DA:342,161
DA:343,161
DA:346,321
FN:346,VaneHook._specifiedCurrency
FNDA:321,VaneHook._specifiedCurrency
DA:347,321
DA:350,161
FN:350,VaneHook._settleOrTake
FNDA:161,VaneHook._settleOrTake
DA:351,161
BRDA:351,20,0,77
BRDA:351,20,1,84
DA:352,77
DA:353,84
BRDA:353,21,0,84
DA:354,84
DA:358,7181
FN:358,VaneHook._abs
FNDA:7181,VaneHook._abs
DA:359,7181
DA:362,0
FN:362,VaneHook.beforeAddLiquidity
FNDA:0,VaneHook.beforeAddLiquidity
DA:368,0
DA:371,0
FN:371,VaneHook.afterAddLiquidity
FNDA:0,VaneHook.afterAddLiquidity
DA:379,0
DA:382,0
FN:382,VaneHook.beforeRemoveLiquidity
FNDA:0,VaneHook.beforeRemoveLiquidity
DA:388,0
DA:391,0
FN:391,VaneHook.afterRemoveLiquidity
FNDA:0,VaneHook.afterRemoveLiquidity
DA:399,0
DA:402,0
FN:402,VaneHook.beforeDonate
FNDA:0,VaneHook.beforeDonate
DA:408,0
DA:411,0
FN:411,VaneHook.afterDonate
FNDA:0,VaneHook.afterDonate
DA:417,0
FNF:29
FNH:23
LF:165
LH:150
BRF:23
BRH:12
end_of_record
TN:
SF:src/config/VaneConfig.sol
DA:69,320
FN:69,VaneConfigLib.validate
FNDA:320,VaneConfigLib.validate
DA:70,320
BRDA:70,0,0,1
DA:72,319
BRDA:72,1,0,-
DA:73,0
DA:75,319
BRDA:75,2,0,-
DA:76,0
DA:79,319
BRDA:79,3,0,1
DA:81,318
BRDA:81,4,0,-
DA:83,318
BRDA:83,5,0,1
DA:85,317
BRDA:85,6,0,1
DA:87,316
BRDA:87,7,0,-
DA:89,316
BRDA:89,8,0,-
DA:91,316
BRDA:91,9,0,-
DA:92,316
BRDA:92,10,0,-
DA:93,316
BRDA:93,11,0,1
DA:95,315
BRDA:95,12,0,2
DA:96,2
DA:99,313
BRDA:99,13,0,2
DA:100,2
DA:103,311
BRDA:103,14,0,-
DA:104,311
BRDA:104,15,0,1
DA:106,310
BRDA:106,16,0,-
DA:108,310
BRDA:108,17,0,-
DA:111,2
FN:111,VaneConfigLib.loopGainX32
FNDA:2,VaneConfigLib.loopGainX32
DA:112,2
FNF:2
FNH:2
LF:25
LH:23
BRF:18
BRH:8
end_of_record
TN:
SF:src/libraries/BeliefState.sol
DA:7,5549
FN:7,BeliefState.decay
FNDA:5549,BeliefState.decay
DA:8,5549
DA:9,5549
DA:12,5549
FN:12,BeliefState.update
FNDA:5549,BeliefState.update
DA:17,5549
DA:18,5549
BRDA:18,0,0,45
DA:19,5504
BRDA:19,1,0,49
DA:20,5455
DA:23,258
FN:23,BeliefState.scaleForReserve
FNDA:258,BeliefState.scaleForReserve
DA:24,258
BRDA:24,2,0,136
DA:25,122
FNF:3
FNH:3
LF:11
LH:11
BRF:3
BRH:3
end_of_record
TN:
SF:src/libraries/DepthLib.sol
DA:11,950
FN:11,DepthLib.depthX64
FNDA:950,DepthLib.depthX64
DA:12,950
BRDA:12,0,0,10
DA:14,940
DA:15,940
DA:18,5
FN:18,DepthLib.targetDepthX64
FNDA:5,DepthLib.targetDepthX64
DA:19,5
BRDA:19,1,0,-
DA:20,5
DA:23,2
FN:23,DepthLib.isUnderReacting
FNDA:2,DepthLib.isUnderReacting
DA:24,2
FNF:3
FNH:3
LF:9
LH:9
BRF:2
BRH:1
end_of_record
TN:
SF:src/libraries/FlowAutocovariance.sol
DA:16,46061
FN:16,FlowAutocovariance.update
FNDA:46061,FlowAutocovariance.update
DA:21,46061
DA:22,46061
DA:24,46061
DA:25,46061
DA:27,46061
DA:28,46061
DA:30,46061
DA:33,439
FN:33,FlowAutocovariance.minCovRatioX32
FNDA:439,FlowAutocovariance.minCovRatioX32
DA:34,439
BRDA:34,0,0,-
DA:35,439
DA:36,439
DA:39,259
FN:39,FlowAutocovariance.rhoX32
FNDA:259,FlowAutocovariance.rhoX32
DA:40,259
BRDA:40,1,0,136
DA:41,123
DA:44,440
FN:44,FlowAutocovariance.isIdentified
FNDA:440,FlowAutocovariance.isIdentified
DA:45,440
BRDA:45,2,0,255
DA:47,185
BRDA:47,3,0,79
DA:49,106
DA:50,106
DA:53,437
FN:53,FlowAutocovariance.noiseScale
FNDA:437,FlowAutocovariance.noiseScale
DA:54,437
BRDA:54,4,0,344
DA:56,93
DA:57,93
DA:58,93
DA:60,93
BRDA:60,5,0,88
DA:61,5
DA:64,4
FN:64,FlowAutocovariance.divergenceX32
FNDA:4,FlowAutocovariance.divergenceX32
DA:65,4
BRDA:65,6,0,-
DA:66,4
DA:67,4
DA:70,92122
FN:70,FlowAutocovariance._saturate
FNDA:92122,FlowAutocovariance._saturate
DA:71,92122
BRDA:71,7,0,87
DA:72,92035
BRDA:72,8,0,78
DA:73,91957
FNF:7
FNH:7
LF:35
LH:35
BRF:9
BRH:7
end_of_record
TN:
SF:src/libraries/FlowVariance.sol
DA:9,7437
FN:9,FlowVariance.toFlowUnits
FNDA:7437,FlowVariance.toFlowUnits
DA:10,7437
BRDA:10,0,0,-
DA:11,7437
DA:14,7438
FN:14,FlowVariance.accumulate
FNDA:7438,FlowVariance.accumulate
DA:15,7438
DA:16,7438
BRDA:16,1,0,58
DA:17,7380
BRDA:17,2,0,55
DA:18,7325
DA:21,56293
FN:21,FlowVariance.updateFlowVar
FNDA:56293,FlowVariance.updateFlowVar
DA:22,56293
DA:23,56293
DA:25,56293
DA:27,56293
DA:30,700
FN:30,FlowVariance.noiseScale
FNDA:700,FlowVariance.noiseScale
DA:31,700
BRDA:31,3,0,25
DA:32,675
DA:35,177
FN:35,FlowVariance.noiseScaleX64
FNDA:177,FlowVariance.noiseScaleX64
DA:36,177
DA:39,256
FN:39,FlowVariance.noiseScaleIsMonotone
FNDA:256,FlowVariance.noiseScaleIsMonotone
DA:40,256
FNF:6
FNH:6
LF:20
LH:20
BRF:4
BRH:3
end_of_record
TN:
SF:src/libraries/HorizonVariance.sol
DA:7,9551
FN:7,HorizonVariance.clampedSquare
FNDA:9551,HorizonVariance.clampedSquare
DA:8,9551
DA:9,9551
BRDA:9,0,0,99
DA:10,9551
BRDA:10,1,0,98
DA:12,9551
DA:13,9551
DA:16,9293
FN:16,HorizonVariance.updateVarOne
FNDA:9293,HorizonVariance.updateVarOne
DA:21,9293
DA:22,9293
DA:23,9293
DA:26,4433
FN:26,HorizonVariance.updateVarK
FNDA:4433,HorizonVariance.updateVarK
DA:34,4433
DA:36,4433
DA:37,4433
BRDA:37,2,0,38
DA:38,4433
BRDA:38,3,0,31
DA:40,4433
DA:41,4433
DA:43,4433
DA:44,4433
DA:47,438
FN:47,HorizonVariance.sigmaX64
FNDA:438,HorizonVariance.sigmaX64
DA:48,438
BRDA:48,4,0,23
DA:50,415
DA:52,415
DA:53,415
DA:56,181
FN:56,HorizonVariance.varianceRatioX32
FNDA:181,HorizonVariance.varianceRatioX32
DA:57,181
BRDA:57,5,0,-
DA:58,181
DA:59,181
FNF:5
FNH:5
LF:28
LH:28
BRF:6
BRH:5
end_of_record
TN:
SF:src/libraries/KappaLib.sol
DA:7,457
FN:7,KappaLib.lambdaAmmX64
FNDA:457,KappaLib.lambdaAmmX64
DA:8,457
BRDA:8,0,0,-
DA:9,457
DA:12,457
FN:12,KappaLib.lambdaStarX64
FNDA:457,KappaLib.lambdaStarX64
DA:13,457
BRDA:13,1,0,12
DA:14,445
DA:17,456
FN:17,KappaLib.kappaX64
FNDA:456,KappaLib.kappaX64
DA:22,456
DA:23,456
DA:24,456
BRDA:24,2,0,355
DA:25,101
DA:26,101
FNF:3
FNH:3
LF:12
LH:12
BRF:3
BRH:2
end_of_record
TN:
SF:src/libraries/OffsetDelta.sol
DA:7,417
FN:7,OffsetDelta.offsetAmount
FNDA:417,OffsetDelta.offsetAmount
DA:8,417
DA:9,417
DA:11,417
DA:12,417
DA:15,256
FN:15,OffsetDelta.taylorFactorX64
FNDA:256,OffsetDelta.taylorFactorX64
DA:16,256
DA:17,256
FNF:2
FNH:2
LF:8
LH:8
BRF:0
BRH:0
end_of_record
TN:
SF:src/libraries/PoolStateLib.sol
DA:35,8017
FN:35,PoolStateLib.packState
FNDA:8017,PoolStateLib.packState
DA:36,8017
DA:44,14910
FN:44,PoolStateLib.unpackState
FNDA:14910,PoolStateLib.unpackState
DA:45,14910
DA:46,14910
DA:47,14910
DA:48,14910
DA:49,14910
DA:50,14910
DA:53,7490
FN:53,PoolStateLib.packAux
FNDA:7490,PoolStateLib.packAux
DA:54,7490
DA:62,7453
FN:62,PoolStateLib.unpackAux
FNDA:7453,PoolStateLib.unpackAux
DA:63,7453
DA:64,7453
DA:65,7453
DA:66,7453
DA:67,7453
DA:68,7453
FNF:4
FNH:4
LF:18
LH:18
BRF:0
BRH:0
end_of_record
TN:
SF:src/libraries/Q64x64.sol
DA:17,1807
FN:17,Q64x64.sqrt
FNDA:1807,Q64x64.sqrt
DA:18,1807
BRDA:18,0,0,49
DA:19,1758
BRDA:19,1,0,24
DA:21,1734
DA:22,1734
DA:23,1734
BRDA:23,2,0,-
DA:24,0
DA:25,0
DA:27,1734
BRDA:27,3,0,167
DA:28,167
DA:29,167
DA:31,1734
BRDA:31,4,0,1131
DA:32,1131
DA:33,1131
DA:35,1734
BRDA:35,5,0,975
DA:36,975
DA:37,975
DA:39,1734
BRDA:39,6,0,902
DA:40,902
DA:41,902
DA:43,1734
BRDA:43,7,0,1004
DA:44,1004
DA:45,1004
DA:47,1734
BRDA:47,8,0,511
DA:48,511
DA:49,511
DA:51,1734
BRDA:51,9,0,913
DA:52,913
DA:55,1734
DA:57,1734
DA:58,7910
DA:59,6176
DA:60,6176
DA:64,857
FN:64,Q64x64.sqrtX32
FNDA:857,Q64x64.sqrtX32
DA:65,857
DA:68,2
FN:68,Q64x64.x32ToX64
FNDA:2,Q64x64.x32ToX64
DA:69,2
DA:72,73275
FN:72,Q64x64.ewmaX32
FNDA:73275,Q64x64.ewmaX32
DA:73,73275
DA:74,73275
DA:75,73275
DA:78,92122
FN:78,Q64x64.ewmaSigned
FNDA:92122,Q64x64.ewmaSigned
DA:79,92122
DA:80,92122
DA:81,92122
DA:84,0
FN:84,Q64x64.toUint64
FNDA:0,Q64x64.toUint64
DA:85,0
BRDA:85,10,0,-
DA:86,0
DA:89,0
FN:89,Q64x64.toInt64
FNDA:0,Q64x64.toInt64
DA:90,0
BRDA:90,11,0,-
DA:91,0
DA:94,71110
FN:94,Q64x64.abs
FNDA:71110,Q64x64.abs
DA:95,71110
FNF:8
FNH:6
LF:53
LH:45
BRF:12
BRH:9
end_of_record
TN:
SF:src/libraries/VarianceRatio.sol
DA:21,102332
FN:21,VarianceRatio.step
FNDA:102332,VarianceRatio.step
DA:28,102332
DA:30,102332
DA:31,102332
BRDA:31,0,0,150
DA:32,150
DA:35,102332
DA:37,102332
DA:38,102332
DA:40,102332
DA:42,102332
BRDA:42,1,0,824
DA:43,101508
BRDA:43,2,0,20380
DA:44,81128
DA:47,2
FN:47,VarianceRatio.noiseSigmaX32
FNDA:2,VarianceRatio.noiseSigmaX32
DA:48,2
BRDA:48,3,0,-
DA:49,2
DA:50,2
DA:52,2
DA:53,2
DA:56,2
FN:56,VarianceRatio.loopGainX32
FNDA:2,VarianceRatio.loopGainX32
DA:57,2
BRDA:57,4,0,-
DA:58,2
FNF:3
FNH:3
LF:21
LH:21
BRF:5
BRH:3
end_of_record
TN:
SF:test/DepthAndConfig.t.sol
DA:13,10
FN:13,ConfigHarness.validate
FNDA:10,ConfigHarness.validate
DA:14,10
FNF:1
FNH:1
LF:2
LH:2
BRF:0
BRH:0
end_of_record
TN:
SF:test/utils/Fixtures.sol
DA:10,47
FN:10,Fixtures.config
FNDA:47,Fixtures.config
DA:11,47
FNF:1
FNH:1
LF:2
LH:2
BRF:0
BRH:0
end_of_record
TN:
SF:test/utils/GasGuard.sol
DA:11,5
FN:11,GasGuard.assertionsEnabled
FNDA:5,GasGuard.assertionsEnabled
DA:12,5
FNF:1
FNH:1
LF:2
LH:2
BRF:0
BRH:0
end_of_record
TN:
SF:test/utils/VaneHookHarness.sol
DA:18,272
FN:18,VaneHookHarness.setBelief
FNDA:272,VaneHookHarness.setBelief
DA:19,272
DA:20,272
DA:21,272
DA:22,272
DA:25,3
FN:25,VaneHookHarness.setKappa
FNDA:3,VaneHookHarness.setKappa
DA:26,3
DA:27,3
DA:28,3
DA:29,3
DA:32,1
FN:32,VaneHookHarness.setFlowCov
FNDA:1,VaneHookHarness.setFlowCov
DA:33,1
DA:34,1
DA:35,1
DA:38,0
FN:38,VaneHookHarness.flowCovOf
FNDA:0,VaneHookHarness.flowCovOf
DA:39,0
DA:42,0
FN:42,VaneHookHarness.setFlowVar
FNDA:0,VaneHookHarness.setFlowVar
DA:43,0
DA:44,0
DA:45,0
DA:46,0
DA:49,0
FN:49,VaneHookHarness.setVarOne
FNDA:0,VaneHookHarness.setVarOne
DA:50,0
DA:51,0
DA:52,0
DA:53,0
FNF:6
FNH:3
LF:26
LH:14
BRF:0
BRH:0
end_of_record
